<?xml version="1.0" encoding="UTF-8"?>
<!-- Generated by org.testng.reporters.JUnitReportReporter -->
<testsuite hostname="LAPTOP-8DSAPBE4" failures="0" tests="2" name="testscript.LoginTest" time="5.228" errors="0" timestamp="2025-12-02T12:05:38 IST" skipped="0">
  <testcase classname="testscript.LoginTest" name="verifyLoginWithInvalidCredentials" time="2.835"/>
  <testcase classname="testscript.LoginTest" name="verifyLoginWithInvalidCredentials" time="2.393"/>
</testsuite> <!-- testscript.LoginTest -->
