<?xml version="1.0" encoding="UTF-8"?>
<testng-results ignored="0" total="1" passed="1" failed="0" skipped="0">
  <reporter-output>
  </reporter-output>
  <suite started-at="2025-12-03T11:33:26 IST" name="Suite" finished-at="2025-12-03T11:33:30 IST" duration-ms="4208">
    <groups>
    </groups>
    <test started-at="2025-12-03T11:33:26 IST" name="Test" finished-at="2025-12-03T11:33:30 IST" duration-ms="4208">
      <class name="testscript.HomeTest">
        <test-method is-config="true" signature="browserInitialisation(java.lang.String)[pri:0, instance:testscript.HomeTest@6be968ce]" started-at="2025-12-03T11:33:26 IST" name="browserInitialisation" finished-at="2025-12-03T11:33:28 IST" duration-ms="2423" status="PASS">
          <params>
            <param index="0">
              <value>
                <![CDATA[chrome]]>
              </value>
            </param>
          </params>
          <reporter-output>
          </reporter-output>
        </test-method> <!-- browserInitialisation -->
        <test-method signature="userIsableToSuccessfullyLoggedOut()[pri:0, instance:testscript.HomeTest@6be968ce]" started-at="2025-12-03T11:33:28 IST" name="userIsableToSuccessfullyLoggedOut" description=" user is trying to logged out" finished-at="2025-12-03T11:33:30 IST" duration-ms="1736" status="PASS">
          <reporter-output>
          </reporter-output>
        </test-method> <!-- userIsableToSuccessfullyLoggedOut -->
        <test-method is-config="true" signature="driverQuit(org.testng.ITestResult)[pri:0, instance:testscript.HomeTest@6be968ce]" started-at="2025-12-03T11:33:30 IST" name="driverQuit" finished-at="2025-12-03T11:33:30 IST" duration-ms="1" status="PASS">
          <params>
            <param index="0">
              <value>
                <![CDATA[[TestResult name=userIsableToSuccessfullyLoggedOut status=SUCCESS method=HomeTest.userIsableToSuccessfullyLoggedOut()[pri:0, instance:testscript.HomeTest@6be968ce] output={null}]]]>
              </value>
            </param>
          </params>
          <reporter-output>
          </reporter-output>
        </test-method> <!-- driverQuit -->
      </class> <!-- testscript.HomeTest -->
    </test> <!-- Test -->
  </suite> <!-- Suite -->
</testng-results>
